Arguments: 
  C:\Program Files\nodejs\node.exe C:\Users\User\AppData\Roaming\npm\node_modules\yarn\bin\yarn.js install

PATH: 
  C:\Program Files\Common Files\Oracle\Java\javapath;C:\Windows\system32;C:\Windows;C:\Windows\System32\Wbem;C:\Windows\System32\WindowsPowerShell\v1.0\;C:\Windows\System32\OpenSSH\;C:\Program Files\Git\cmd;C:\Program Files\Redis\;C:\Program Files\nodejs\;C:\ProgramData\chocolatey\bin;C:\Program Files\Microsoft VS Code\bin;%JAVA_HOME%\bin;C:\Program Files\Gradle\gradle-7.4.1\bin;C:\Users\User\AppData\Local\Android\Sdk\platform-tools;C:\Users\User\AppData\Local\Android\Sdk\platform-tools;C:\Users\User\AppData\Local\Android\Sdk\emulator;C:\Program Files\Amazon\AWSCLIV2\;C:\Program Files\dotnet\;C:\Users\User\AppData\Local\Programs\Python\Python39\Scripts\;C:\Users\User\AppData\Local\Programs\Python\Python39\;C:\Users\User\AppData\Local\Programs\Python\Python310\Scripts\;C:\Users\User\AppData\Local\Programs\Python\Python310\;C:\Users\User\AppData\Local\Microsoft\WindowsApps;C:\Program Files\heroku\bin;C:\Program Files\JetBrains\PyCharm 2021.3\bin;;C:\Users\User\AppData\Roaming\npm;

Yarn version: 
  1.22.19

Node version: 
  16.14.0

Platform: 
  win32 x64

Trace: 
  Error: https://registry.yarnpkg.com/@firebase/firestore/-/firestore-3.13.0.tgz: ESOCKETTIMEDOUT
      at ClientRequest.<anonymous> (C:\Users\User\AppData\Roaming\npm\node_modules\yarn\lib\cli.js:141517:19)
      at Object.onceWrapper (node:events:639:28)
      at ClientRequest.emit (node:events:520:28)
      at TLSSocket.emitRequestTimeout (node:_http_client:758:9)
      at Object.onceWrapper (node:events:639:28)
      at TLSSocket.emit (node:events:532:35)
      at TLSSocket.Socket._onTimeout (node:net:501:8)
      at listOnTimeout (node:internal/timers:559:17)
      at processTimers (node:internal/timers:502:7)

npm manifest: 
  {
    "name": "chatapp",
    "version": "1.0.0",
    "main": "node_modules/expo/AppEntry.js",
    "scripts": {
      "start": "expo start",
      "android": "expo start --android",
      "ios": "expo start --ios",
      "web": "expo start --web",
      "eject": "expo eject"
    },
    "dependencies": {
      "@react-native-community/masked-view": "^0.1.11",
      "@react-navigation/native": "^6.0.6",
      "@react-navigation/stack": "^6.0.11",
      "dotenv": "^11.0.0",
      "expo": "~44.0.0",
      "expo-constants": "~13.0.0",
      "expo-status-bar": "~1.2.0",
      "firebase": "^9.9.3",
      "react": "17.0.1",
      "react-dom": "17.0.1",
      "react-native": "0.64.3",
      "react-native-gesture-handler": "~2.1.0",
      "react-native-gifted-chat": "^0.16.3",
      "react-native-safe-area-context": "3.3.2",
      "react-native-screens": "~3.10.1",
      "react-native-web": "0.17.1"
    },
    "devDependencies": {
      "@babel/core": "^7.12.9"
    },
    "private": true
  }

yarn manifest: 
  No manifest

Lockfile: 
  No lockfile
